13:07:11 [INFO] train: Device: cuda
13:07:11 [INFO] train: Loading train dataset: /workspace/VTCM_PYTHON/datasets/VTCM_inverse/train.hdf5
13:07:11 [INFO] train: Loading val dataset: /workspace/VTCM_PYTHON/datasets/VTCM_inverse/validation.hdf5
13:07:11 [INFO] train: 
Config: epochs=100, batch=8, val_ratio=0.15, physics=frf
  spatial_len=256, n_sensors=3, n_cond=17
13:07:11 [INFO] train: Train samples: 960, Val samples: 120
13:07:12 [INFO] train: Model parameters: 346,435
13:09:02 [INFO] train: Device: cuda
13:09:02 [INFO] train: Loading train dataset: /workspace/VTCM_PYTHON/datasets/VTCM_inverse/train.hdf5
13:09:02 [INFO] train: Loading val dataset: /workspace/VTCM_PYTHON/datasets/VTCM_inverse/validation.hdf5
13:09:02 [INFO] train: 
Config: epochs=100, batch=8, val_ratio=0.15, physics=frf
  spatial_len=256, n_sensors=3, n_cond=17
13:09:02 [INFO] train: Train samples: 960, Val samples: 120
13:09:02 [INFO] train: Model parameters: 346,435
13:09:38 [INFO] train: Device: cuda
13:09:38 [INFO] train: Loading train dataset: /workspace/VTCM_PYTHON/datasets/VTCM_inverse/train.hdf5
13:09:38 [INFO] train: Loading val dataset: /workspace/VTCM_PYTHON/datasets/VTCM_inverse/validation.hdf5
13:09:38 [INFO] train: 
Config: epochs=100, batch=8, val_ratio=0.15, physics=frf
  spatial_len=256, n_sensors=3, n_cond=17
13:09:38 [INFO] train: Train samples: 960, Val samples: 120
13:09:38 [INFO] train: Model parameters: 346,435
13:16:33 [INFO] train: Device: cuda
13:16:33 [INFO] train: Loading train dataset: /workspace/VTCM_PYTHON/datasets/VTCM_inverse/train.hdf5
13:16:33 [INFO] train: Loading val dataset: /workspace/VTCM_PYTHON/datasets/VTCM_inverse/validation.hdf5
13:16:33 [INFO] train: 
Config: epochs=100, batch=8, val_ratio=0.15, physics=frf
  spatial_len=256, n_sensors=3, n_cond=17
13:16:33 [INFO] train: Train samples: 960, Val samples: 120
13:16:33 [INFO] train: Model parameters: 346,435
13:18:56 [INFO] train: Device: cuda
13:18:56 [INFO] train: Loading train dataset: /workspace/VTCM_PYTHON/datasets/VTCM_inverse/train.hdf5
13:18:56 [INFO] train: Loading val dataset: /workspace/VTCM_PYTHON/datasets/VTCM_inverse/validation.hdf5
13:18:56 [INFO] train: 
Config: epochs=1, batch=2, physics=frf, full_seq=False
  spatial_len=256, n_sensors=3, n_cond=17
13:18:56 [INFO] train: Train samples: 960, Val samples: 120
13:18:56 [INFO] train: Model parameters: 346,435
13:19:22 [INFO] train: Device: cuda
13:19:22 [INFO] train: Loading train dataset: /workspace/VTCM_PYTHON/datasets/VTCM_inverse/train.hdf5
13:19:22 [INFO] train: Loading val dataset: /workspace/VTCM_PYTHON/datasets/VTCM_inverse/validation.hdf5
13:19:22 [INFO] train: 
Config: epochs=100, batch=8, physics=frf, full_seq=False
  spatial_len=256, n_sensors=3, n_cond=17
13:19:22 [INFO] train: Train samples: 960, Val samples: 120
13:19:22 [INFO] train: Model parameters: 346,435
13:20:12 [INFO] train: Device: cuda
13:20:12 [INFO] train: Loading train dataset: /workspace/VTCM_PYTHON/datasets/VTCM_inverse/train.hdf5
13:20:12 [INFO] train: Loading val dataset: /workspace/VTCM_PYTHON/datasets/VTCM_inverse/validation.hdf5
13:20:12 [INFO] train: 
Config: epochs=100, batch=8, physics=none, full_seq=False
  spatial_len=256, n_sensors=3, n_cond=17
13:20:12 [INFO] train: Train samples: 960, Val samples: 120
13:20:12 [INFO] train: Model parameters: 346,435
13:20:13 [INFO] train: 
============================================================
13:20:13 [INFO] train: Training PCNIO  |  100 epochs  |  cuda
13:20:13 [INFO] train: ============================================================
13:20:24 [INFO] train: Device: cuda
13:20:24 [INFO] train: Loading train dataset: /workspace/VTCM_PYTHON/datasets/VTCM_inverse/train.hdf5
13:20:24 [INFO] train: Loading val dataset: /workspace/VTCM_PYTHON/datasets/VTCM_inverse/validation.hdf5
13:20:24 [INFO] train: 
Config: epochs=100, batch=8, physics=none, full_seq=False
  spatial_len=256, n_sensors=3, n_cond=17
13:20:24 [INFO] train: Train samples: 960, Val samples: 120
13:20:25 [INFO] train: Model parameters: 346,435
13:20:26 [INFO] train: 
============================================================
13:20:26 [INFO] train: Training PCNIO  |  100 epochs  |  cuda
13:20:26 [INFO] train: ============================================================
13:20:35 [INFO] train: Device: cuda
13:20:35 [INFO] train: Loading train dataset: /workspace/VTCM_PYTHON/datasets/VTCM_inverse/train.hdf5
13:20:35 [INFO] train: Loading val dataset: /workspace/VTCM_PYTHON/datasets/VTCM_inverse/validation.hdf5
13:20:35 [INFO] train: 
Config: epochs=100, batch=8, physics=none, full_seq=False
  spatial_len=256, n_sensors=3, n_cond=17
13:20:35 [INFO] train: Train samples: 960, Val samples: 120
13:20:35 [INFO] train: Model parameters: 346,435
13:20:37 [INFO] train: 
============================================================
13:20:37 [INFO] train: Training PCNIO  |  100 epochs  |  cuda
13:20:37 [INFO] train: ============================================================
13:22:44 [INFO] train: Device: cuda
13:22:44 [INFO] train: Loading train dataset: /workspace/VTCM_PYTHON/datasets/VTCM_inverse/train.hdf5
13:22:44 [INFO] train: Loading val dataset: /workspace/VTCM_PYTHON/datasets/VTCM_inverse/validation.hdf5
13:22:44 [INFO] train: 
Config: epochs=100, batch=8, physics=none, full_seq=False
  spatial_len=256, n_sensors=3, n_cond=17
13:22:44 [INFO] train: Train samples: 960, Val samples: 120
13:22:44 [INFO] train: Model parameters: 346,435
13:22:58 [INFO] train: Device: cuda
13:22:58 [INFO] train: Loading train dataset: /workspace/VTCM_PYTHON/datasets/VTCM_inverse/train.hdf5
13:22:58 [INFO] train: Loading val dataset: /workspace/VTCM_PYTHON/datasets/VTCM_inverse/validation.hdf5
13:22:58 [INFO] train: 
Config: epochs=100, batch=8, physics=none, full_seq=False
  spatial_len=256, n_sensors=3, n_cond=17
13:22:58 [INFO] train: Train samples: 960, Val samples: 120
13:22:58 [INFO] train: Model parameters: 346,435
13:22:59 [INFO] train: 
============================================================
13:22:59 [INFO] train: Training PCNIO  |  100 epochs  |  cuda
13:22:59 [INFO] train: ============================================================
13:24:42 [INFO] train: Device: cuda
13:24:42 [INFO] train: Loading train dataset: /workspace/VTCM_PYTHON/datasets/VTCM_inverse/train.hdf5
13:24:42 [INFO] train: Loading val dataset: /workspace/VTCM_PYTHON/datasets/VTCM_inverse/validation.hdf5
13:24:42 [INFO] train: 
Config: epochs=100, batch=8, physics=none, full_seq=False
  spatial_len=256, n_sensors=3, n_cond=17
13:24:42 [INFO] train: Train samples: 960, Val samples: 120
13:24:43 [INFO] train: Model parameters: 346,435
13:24:45 [INFO] train: 
============================================================
13:24:45 [INFO] train: Training PCNIO  |  100 epochs  |  cuda
13:24:45 [INFO] train: ============================================================
13:36:40 [INFO] train: Device: cuda
13:36:40 [INFO] train: Loading train dataset: /workspace/VTCM_PYTHON/datasets/VTCM_inverse/train.hdf5
13:36:40 [INFO] train: Loading val dataset: /workspace/VTCM_PYTHON/datasets/VTCM_inverse/validation.hdf5
13:36:40 [INFO] train: 
Config: epochs=100, batch=8, physics=none, full_seq=False
  spatial_len=256, n_sensors=3, n_cond=17
13:36:40 [INFO] train: Train samples: 960, Val samples: 120
13:36:40 [INFO] train: Model parameters: 346,435
13:36:41 [INFO] train: 
============================================================
13:36:41 [INFO] train: Training PCNIO  |  100 epochs  |  cuda
13:36:41 [INFO] train: ============================================================
13:42:44 [INFO] train: Device: cuda
13:42:44 [INFO] train: Loading train dataset: /workspace/VTCM_PYTHON/datasets/VTCM_inverse/train.hdf5
13:42:44 [INFO] train: Loading val dataset: /workspace/VTCM_PYTHON/datasets/VTCM_inverse/validation.hdf5
13:42:44 [INFO] train: 
Config: epochs=1, batch=2, physics=none, full_seq=False
  spatial_len=256, n_sensors=3, n_cond=17
13:42:44 [INFO] train: Train samples: 960, Val samples: 120
13:42:44 [INFO] train: Model parameters: 346,435
13:42:45 [INFO] train: 
============================================================
13:42:45 [INFO] train: Training PCNIO  |  1 epochs  |  cuda
13:42:45 [INFO] train: ============================================================
13:44:53 [INFO] train: Device: cuda
13:44:53 [INFO] train: Loading train dataset: /workspace/VTCM_PYTHON/datasets/VTCM_inverse/train.hdf5
13:44:53 [INFO] train: Loading val dataset: /workspace/VTCM_PYTHON/datasets/VTCM_inverse/validation.hdf5
13:44:53 [INFO] train: 
Config: epochs=1, batch=2, physics=none, full_seq=False
  spatial_len=256, n_sensors=3, n_cond=17
13:44:53 [INFO] train: Train samples: 960, Val samples: 120
13:44:54 [INFO] train: Model parameters: 358,561
13:44:55 [INFO] train: 
============================================================
13:44:55 [INFO] train: Training PCNIO  |  1 epochs  |  cuda
13:44:55 [INFO] train: ============================================================
13:45:22 [INFO] train: Device: cuda
13:45:22 [INFO] train: Loading train dataset: /workspace/VTCM_PYTHON/datasets/VTCM_inverse/train.hdf5
13:45:22 [INFO] train: Loading val dataset: /workspace/VTCM_PYTHON/datasets/VTCM_inverse/validation.hdf5
13:45:22 [INFO] train: 
Config: epochs=1, batch=2, physics=none, full_seq=False
  spatial_len=256, n_sensors=3, n_cond=17
13:45:22 [INFO] train: Train samples: 960, Val samples: 120
13:45:22 [INFO] train: Model parameters: 358,561
13:45:23 [INFO] train: 
============================================================
13:45:23 [INFO] train: Training PCNIO  |  1 epochs  |  cuda
13:45:23 [INFO] train: ============================================================
13:45:44 [INFO] inverse_trainer: Epoch    1 | train 1.3574 (data 1.0749 frf 0.0000 pinn 0.0000 spec 5.6482) | val 2.0193
13:45:44 [INFO] train: Loss history saved: /workspace/VTCM_PYTHON/inverse_model/checkpoints/train_history.npz
13:45:44 [INFO] train: 
Final  train_loss=1.357354  val_loss=2.019300
13:45:44 [INFO] train: Checkpoints saved to: /workspace/VTCM_PYTHON/inverse_model/checkpoints
13:45:45 [INFO] train: Loss curve saved: /workspace/VTCM_PYTHON/inverse_model/checkpoints/loss_curve.png
13:48:28 [INFO] train: Device: cuda
13:48:28 [INFO] train: Loading train dataset: /workspace/VTCM_PYTHON/datasets/VTCM_inverse/train.hdf5
13:48:28 [INFO] train: Loading val dataset: /workspace/VTCM_PYTHON/datasets/VTCM_inverse/validation.hdf5
13:48:28 [INFO] train: 
Config: epochs=100, batch=8, physics=none, full_seq=False
  spatial_len=256, n_sensors=3, n_cond=17
13:48:28 [INFO] train: Train samples: 960, Val samples: 120
13:48:29 [INFO] train: Model parameters: 358,561
13:48:30 [INFO] train: 
============================================================
13:48:30 [INFO] train: Training PCNIO  |  100 epochs  |  cuda
13:48:30 [INFO] train: ============================================================
13:48:56 [INFO] inverse_trainer: Epoch    5 | train 1.1975 (data 1.0052 frf 0.0000 pinn 0.0000 spec 3.8460) | val 1.8502
13:49:21 [INFO] inverse_trainer: Epoch   10 | train 1.3261 (data 1.0580 frf 0.0000 pinn 0.0000 spec 5.3616) | val 2.1540
13:49:47 [INFO] inverse_trainer: Epoch   15 | train 1.0773 (data 1.0019 frf 0.0000 pinn 0.0000 spec 1.5067) | val 1.2639
13:50:12 [INFO] inverse_trainer: Epoch   20 | train 1.0387 (data 1.0012 frf 0.0000 pinn 0.0000 spec 0.7508) | val 1.2423
13:50:38 [INFO] inverse_trainer: Epoch   25 | train 1.0052 (data 1.0015 frf 0.0000 pinn 0.0000 spec 0.0737) | val 1.2188
13:51:03 [INFO] inverse_trainer: Epoch   30 | train 1.0382 (data 1.0035 frf 0.0000 pinn 0.0000 spec 0.6939) | val 1.2638
13:51:28 [INFO] inverse_trainer: Epoch   35 | train 1.0050 (data 0.9988 frf 0.0000 pinn 0.0000 spec 0.1250) | val 1.2091
13:51:54 [INFO] inverse_trainer: Epoch   40 | train 0.9703 (data 0.9622 frf 0.0000 pinn 0.0000 spec 0.1626) | val 1.1721
13:52:19 [INFO] inverse_trainer: Epoch   45 | train 0.9572 (data 0.9550 frf 0.0000 pinn 0.0000 spec 0.0436) | val 1.1566
13:52:44 [INFO] inverse_trainer: Epoch   50 | train 0.9491 (data 0.9482 frf 0.0000 pinn 0.0000 spec 0.0194) | val 1.1565
13:53:09 [INFO] inverse_trainer: Epoch   55 | train 0.9313 (data 0.9309 frf 0.0000 pinn 0.0000 spec 0.0063) | val 1.1578
13:53:35 [INFO] inverse_trainer: Epoch   60 | train 0.9279 (data 0.9276 frf 0.0000 pinn 0.0000 spec 0.0052) | val 1.1534
14:00:51 [INFO] train: Device: cuda
14:00:51 [INFO] train: Loading train dataset: /workspace/VTCM_PYTHON/datasets/VTCM_inverse/train_full_seq.hdf5
14:00:51 [INFO] train: Loading val dataset: /workspace/VTCM_PYTHON/datasets/VTCM_inverse/validation_full_seq.hdf5
14:00:51 [INFO] train: 
Config: epochs=20, batch=8, physics=none, full_seq=True
  spatial_len=1000, n_sensors=3, n_cond=17
14:00:51 [INFO] train: Train samples: 160, Val samples: 20
14:00:51 [INFO] train: Model parameters: 358,561
14:00:53 [INFO] train: 
============================================================
14:00:53 [INFO] train: Training PCNIO  |  20 epochs  |  cuda
14:00:53 [INFO] train: ============================================================
14:00:57 [INFO] inverse_trainer: Epoch    5 | train 1.0573 (data 1.0034 frf 0.0000 pinn 0.0000 spec 1.0790) | val 1.2094
14:00:58 [INFO] inverse_trainer: Prediction plot saved: /workspace/VTCM_PYTHON/inverse_model/checkpoints/predictions/pred_vs_true_epoch_0005.png
14:01:01 [INFO] inverse_trainer: Epoch   10 | train 1.0632 (data 1.0027 frf 0.0000 pinn 0.0000 spec 1.2089) | val 1.2002
14:01:02 [INFO] inverse_trainer: Prediction plot saved: /workspace/VTCM_PYTHON/inverse_model/checkpoints/predictions/pred_vs_true_epoch_0010.png
14:01:05 [INFO] inverse_trainer: Epoch   15 | train 1.2126 (data 1.0111 frf 0.0000 pinn 0.0000 spec 4.0282) | val 1.2223
14:01:06 [INFO] inverse_trainer: Prediction plot saved: /workspace/VTCM_PYTHON/inverse_model/checkpoints/predictions/pred_vs_true_epoch_0015.png
14:01:10 [INFO] inverse_trainer: Epoch   20 | train 1.0545 (data 1.0024 frf 0.0000 pinn 0.0000 spec 1.0409) | val 1.1873
14:01:10 [INFO] inverse_trainer: Prediction plot saved: /workspace/VTCM_PYTHON/inverse_model/checkpoints/predictions/pred_vs_true_epoch_0020.png
14:01:10 [INFO] train: Loss history saved: /workspace/VTCM_PYTHON/inverse_model/checkpoints/train_history.npz
14:01:10 [INFO] train: 
Final  train_loss=1.054465  val_loss=1.187335
14:01:10 [INFO] train: Checkpoints saved to: /workspace/VTCM_PYTHON/inverse_model/checkpoints
14:01:11 [INFO] train: Loss curve saved: /workspace/VTCM_PYTHON/inverse_model/checkpoints/loss_curve.png
14:03:19 [INFO] train: Device: cuda
14:03:19 [INFO] train: Loading train dataset: /workspace/VTCM_PYTHON/datasets/VTCM_inverse/train_full_seq.hdf5
14:03:19 [INFO] train: Loading val dataset: /workspace/VTCM_PYTHON/datasets/VTCM_inverse/validation_full_seq.hdf5
14:03:19 [INFO] train: 
Config: epochs=100, batch=8, physics=none, full_seq=True
  spatial_len=1000, n_sensors=3, n_cond=17
14:03:19 [INFO] train: Train samples: 160, Val samples: 20
14:03:19 [INFO] train: Model parameters: 358,561
14:03:21 [INFO] train: 
============================================================
14:03:21 [INFO] train: Training PCNIO  |  100 epochs  |  cuda
14:03:21 [INFO] train: ============================================================
14:03:25 [INFO] inverse_trainer: Epoch    5 | train 1.0733 (data 1.0089 frf 0.0000 pinn 0.0000 spec 1.2880) | val 1.1958
14:03:26 [INFO] inverse_trainer: Prediction plot saved: /workspace/VTCM_PYTHON/inverse_model/checkpoints/predictions/pred_vs_true_epoch_0005.png
14:03:30 [INFO] inverse_trainer: Epoch   10 | train 1.0568 (data 1.0027 frf 0.0000 pinn 0.0000 spec 1.0823) | val 1.2056
14:03:30 [INFO] inverse_trainer: Prediction plot saved: /workspace/VTCM_PYTHON/inverse_model/checkpoints/predictions/pred_vs_true_epoch_0010.png
14:03:34 [INFO] inverse_trainer: Epoch   15 | train 1.0492 (data 1.0035 frf 0.0000 pinn 0.0000 spec 0.9146) | val 1.1949
14:03:35 [INFO] inverse_trainer: Prediction plot saved: /workspace/VTCM_PYTHON/inverse_model/checkpoints/predictions/pred_vs_true_epoch_0015.png
14:03:38 [INFO] inverse_trainer: Epoch   20 | train 1.0881 (data 1.0071 frf 0.0000 pinn 0.0000 spec 1.6208) | val 1.2119
14:03:39 [INFO] inverse_trainer: Prediction plot saved: /workspace/VTCM_PYTHON/inverse_model/checkpoints/predictions/pred_vs_true_epoch_0020.png
14:03:43 [INFO] inverse_trainer: Epoch   25 | train 1.0481 (data 1.0018 frf 0.0000 pinn 0.0000 spec 0.9243) | val 1.1865
14:03:44 [INFO] inverse_trainer: Prediction plot saved: /workspace/VTCM_PYTHON/inverse_model/checkpoints/predictions/pred_vs_true_epoch_0025.png
14:03:47 [INFO] inverse_trainer: Epoch   30 | train 1.0500 (data 1.0059 frf 0.0000 pinn 0.0000 spec 0.8810) | val 1.1870
14:03:48 [INFO] inverse_trainer: Prediction plot saved: /workspace/VTCM_PYTHON/inverse_model/checkpoints/predictions/pred_vs_true_epoch_0030.png
14:03:51 [INFO] inverse_trainer: Epoch   35 | train 1.0384 (data 1.0034 frf 0.0000 pinn 0.0000 spec 0.7001) | val 1.1736
14:03:52 [INFO] inverse_trainer: Prediction plot saved: /workspace/VTCM_PYTHON/inverse_model/checkpoints/predictions/pred_vs_true_epoch_0035.png
14:03:56 [INFO] inverse_trainer: Epoch   40 | train 1.0522 (data 1.0019 frf 0.0000 pinn 0.0000 spec 1.0068) | val 1.2044
14:03:57 [INFO] inverse_trainer: Prediction plot saved: /workspace/VTCM_PYTHON/inverse_model/checkpoints/predictions/pred_vs_true_epoch_0040.png
14:04:00 [INFO] inverse_trainer: Epoch   45 | train 1.0338 (data 1.0014 frf 0.0000 pinn 0.0000 spec 0.6463) | val 1.1756
14:04:01 [INFO] inverse_trainer: Prediction plot saved: /workspace/VTCM_PYTHON/inverse_model/checkpoints/predictions/pred_vs_true_epoch_0045.png
14:04:04 [INFO] inverse_trainer: Epoch   50 | train 1.0469 (data 1.0028 frf 0.0000 pinn 0.0000 spec 0.8809) | val 1.2056
14:04:05 [INFO] inverse_trainer: Prediction plot saved: /workspace/VTCM_PYTHON/inverse_model/checkpoints/predictions/pred_vs_true_epoch_0050.png
14:04:09 [INFO] inverse_trainer: Epoch   55 | train 1.0652 (data 1.0146 frf 0.0000 pinn 0.0000 spec 1.0126) | val 1.1889
14:04:10 [INFO] inverse_trainer: Prediction plot saved: /workspace/VTCM_PYTHON/inverse_model/checkpoints/predictions/pred_vs_true_epoch_0055.png
14:04:13 [INFO] inverse_trainer: Epoch   60 | train 1.0530 (data 1.0058 frf 0.0000 pinn 0.0000 spec 0.9434) | val 1.1973
14:04:14 [INFO] inverse_trainer: Prediction plot saved: /workspace/VTCM_PYTHON/inverse_model/checkpoints/predictions/pred_vs_true_epoch_0060.png
14:04:18 [INFO] inverse_trainer: Epoch   65 | train 1.0555 (data 1.0014 frf 0.0000 pinn 0.0000 spec 1.0812) | val 1.1951
14:04:18 [INFO] inverse_trainer: Prediction plot saved: /workspace/VTCM_PYTHON/inverse_model/checkpoints/predictions/pred_vs_true_epoch_0065.png
14:04:22 [INFO] inverse_trainer: Epoch   70 | train 1.0328 (data 1.0010 frf 0.0000 pinn 0.0000 spec 0.6348) | val 1.1773
14:04:23 [INFO] inverse_trainer: Prediction plot saved: /workspace/VTCM_PYTHON/inverse_model/checkpoints/predictions/pred_vs_true_epoch_0070.png
14:04:26 [INFO] inverse_trainer: Epoch   75 | train 1.0334 (data 1.0008 frf 0.0000 pinn 0.0000 spec 0.6517) | val 1.1799
14:04:27 [INFO] inverse_trainer: Prediction plot saved: /workspace/VTCM_PYTHON/inverse_model/checkpoints/predictions/pred_vs_true_epoch_0075.png
14:04:31 [INFO] inverse_trainer: Epoch   80 | train 1.0305 (data 1.0015 frf 0.0000 pinn 0.0000 spec 0.5798) | val 1.1734
14:04:31 [INFO] inverse_trainer: Prediction plot saved: /workspace/VTCM_PYTHON/inverse_model/checkpoints/predictions/pred_vs_true_epoch_0080.png
14:04:35 [INFO] inverse_trainer: Epoch   85 | train 1.0386 (data 1.0018 frf 0.0000 pinn 0.0000 spec 0.7367) | val 1.1780
14:04:36 [INFO] inverse_trainer: Prediction plot saved: /workspace/VTCM_PYTHON/inverse_model/checkpoints/predictions/pred_vs_true_epoch_0085.png
14:04:39 [INFO] inverse_trainer: Epoch   90 | train 1.0371 (data 1.0014 frf 0.0000 pinn 0.0000 spec 0.7123) | val 1.1809
14:04:40 [INFO] inverse_trainer: Prediction plot saved: /workspace/VTCM_PYTHON/inverse_model/checkpoints/predictions/pred_vs_true_epoch_0090.png
14:04:44 [INFO] inverse_trainer: Epoch   95 | train 1.0259 (data 1.0006 frf 0.0000 pinn 0.0000 spec 0.5077) | val 1.1691
14:04:44 [INFO] inverse_trainer: Prediction plot saved: /workspace/VTCM_PYTHON/inverse_model/checkpoints/predictions/pred_vs_true_epoch_0095.png
14:04:48 [INFO] inverse_trainer: Epoch  100 | train 1.0282 (data 1.0009 frf 0.0000 pinn 0.0000 spec 0.5465) | val 1.1714
14:04:49 [INFO] inverse_trainer: Prediction plot saved: /workspace/VTCM_PYTHON/inverse_model/checkpoints/predictions/pred_vs_true_epoch_0100.png
14:04:49 [INFO] train: Loss history saved: /workspace/VTCM_PYTHON/inverse_model/checkpoints/train_history.npz
14:04:49 [INFO] train: 
Final  train_loss=1.028182  val_loss=1.171421
14:04:49 [INFO] train: Checkpoints saved to: /workspace/VTCM_PYTHON/inverse_model/checkpoints
14:04:49 [INFO] train: Loss curve saved: /workspace/VTCM_PYTHON/inverse_model/checkpoints/loss_curve.png
02:12:32 [INFO] train: Device: cuda
02:12:32 [INFO] train: Loading train dataset: /workspace/VTCM_PYTHON/datasets/VTCM_inverse/train_full_seq.hdf5
02:12:32 [INFO] train: Loading val dataset: /workspace/VTCM_PYTHON/datasets/VTCM_inverse/validation_full_seq.hdf5
02:12:32 [INFO] train: 
Config: epochs=50, batch=8, physics=none, full_seq=True
  spatial_len=1000, n_sensors=3, n_cond=17
02:12:32 [INFO] train: Train samples: 160, Val samples: 20
02:12:32 [INFO] train: Model parameters: 358,561
02:12:33 [INFO] train: 
============================================================
02:12:33 [INFO] train: Training PCNIO  |  50 epochs  |  cuda
02:12:33 [INFO] train: ============================================================
02:12:39 [INFO] inverse_trainer: Prediction plot saved: /workspace/VTCM_PYTHON/inverse_model/checkpoints/predictions/pred_vs_true_epoch_0005.png
02:12:42 [INFO] inverse_trainer: Epoch   10 | train 1.0783 (data 1.0038 frf 0.0000 pinn 0.0000 spec 1.4897) | val 1.2727
02:12:43 [INFO] inverse_trainer: Prediction plot saved: /workspace/VTCM_PYTHON/inverse_model/checkpoints/predictions/pred_vs_true_epoch_0010.png
02:12:47 [INFO] inverse_trainer: Prediction plot saved: /workspace/VTCM_PYTHON/inverse_model/checkpoints/predictions/pred_vs_true_epoch_0015.png
02:12:51 [INFO] inverse_trainer: Epoch   20 | train 1.0967 (data 1.0071 frf 0.0000 pinn 0.0000 spec 1.7930) | val 1.1982
02:12:52 [INFO] inverse_trainer: Prediction plot saved: /workspace/VTCM_PYTHON/inverse_model/checkpoints/predictions/pred_vs_true_epoch_0020.png
02:12:56 [INFO] inverse_trainer: Prediction plot saved: /workspace/VTCM_PYTHON/inverse_model/checkpoints/predictions/pred_vs_true_epoch_0025.png
02:13:00 [INFO] inverse_trainer: Epoch   30 | train 1.0515 (data 1.0025 frf 0.0000 pinn 0.0000 spec 0.9794) | val 1.1894
02:13:01 [INFO] inverse_trainer: Prediction plot saved: /workspace/VTCM_PYTHON/inverse_model/checkpoints/predictions/pred_vs_true_epoch_0030.png
02:13:05 [INFO] inverse_trainer: Prediction plot saved: /workspace/VTCM_PYTHON/inverse_model/checkpoints/predictions/pred_vs_true_epoch_0035.png
02:13:09 [INFO] inverse_trainer: Epoch   40 | train 1.0390 (data 1.0029 frf 0.0000 pinn 0.0000 spec 0.7232) | val 1.1771
02:13:09 [INFO] inverse_trainer: Prediction plot saved: /workspace/VTCM_PYTHON/inverse_model/checkpoints/predictions/pred_vs_true_epoch_0040.png
02:13:14 [INFO] inverse_trainer: Prediction plot saved: /workspace/VTCM_PYTHON/inverse_model/checkpoints/predictions/pred_vs_true_epoch_0045.png
02:13:17 [INFO] inverse_trainer: Epoch   50 | train 1.0600 (data 1.0044 frf 0.0000 pinn 0.0000 spec 1.1115) | val 1.1940
02:13:18 [INFO] inverse_trainer: Prediction plot saved: /workspace/VTCM_PYTHON/inverse_model/checkpoints/predictions/pred_vs_true_epoch_0050.png
02:13:18 [INFO] train: Loss history saved: /workspace/VTCM_PYTHON/inverse_model/checkpoints/train_history.npz
02:13:18 [INFO] train: 
Final  train_loss=1.059961  val_loss=1.193983
02:13:18 [INFO] train: Checkpoints saved to: /workspace/VTCM_PYTHON/inverse_model/checkpoints
02:13:19 [INFO] train: Loss curve saved: /workspace/VTCM_PYTHON/inverse_model/checkpoints/loss_curve.png
02:15:28 [INFO] train: Device: cuda
02:15:28 [INFO] train: Loading train dataset: /workspace/VTCM_PYTHON/datasets/VTCM_inverse/train.hdf5
02:15:28 [INFO] train: Loading val dataset: /workspace/VTCM_PYTHON/datasets/VTCM_inverse/validation_full_seq.hdf5
02:15:28 [INFO] train: 
Config: epochs=5, batch=8, physics=none, train_full_seq=False, val_full_seq=True
  spatial_len=256, n_sensors=3, n_cond=17
02:15:28 [INFO] train: Sequence length | train=256, val=1000
02:15:28 [INFO] train: Train samples: 960, Val samples: 20
02:15:29 [INFO] train: Model parameters: 358,561
02:15:30 [INFO] train: 
============================================================
02:15:30 [INFO] train: Training PCNIO  |  5 epochs  |  cuda
02:15:30 [INFO] train: ============================================================
02:15:55 [INFO] inverse_trainer: Epoch    5 | train 1.1046 (data 1.0015 frf 0.0000 pinn 0.0000 spec 2.0622) | val 2.9100
02:15:56 [INFO] inverse_trainer: Prediction plot saved: /workspace/VTCM_PYTHON/inverse_model/checkpoints/predictions/pred_vs_true_epoch_0005.png
02:15:56 [INFO] train: Loss history saved: /workspace/VTCM_PYTHON/inverse_model/checkpoints/train_history.npz
02:15:56 [INFO] train: 
Final  train_loss=1.104613  val_loss=2.909992
02:15:56 [INFO] train: Checkpoints saved to: /workspace/VTCM_PYTHON/inverse_model/checkpoints
02:15:56 [INFO] train: Loss curve saved: /workspace/VTCM_PYTHON/inverse_model/checkpoints/loss_curve.png
02:16:39 [INFO] train: Device: cuda
02:16:39 [INFO] train: Loading train dataset: /workspace/VTCM_PYTHON/datasets/VTCM_inverse/train.hdf5
02:16:39 [INFO] train: Loading val dataset: /workspace/VTCM_PYTHON/datasets/VTCM_inverse/validation_full_seq.hdf5
02:16:39 [INFO] train: 
Config: epochs=100, batch=8, physics=none, train_full_seq=False, val_full_seq=True
  spatial_len=256, n_sensors=3, n_cond=17
02:16:39 [INFO] train: Sequence length | train=256, val=1000
02:16:39 [INFO] train: Train samples: 960, Val samples: 20
02:16:39 [INFO] train: Model parameters: 358,561
02:16:40 [INFO] train: 
============================================================
02:16:40 [INFO] train: Training PCNIO  |  100 epochs  |  cuda
02:16:40 [INFO] train: ============================================================
02:17:05 [INFO] inverse_trainer: Epoch    5 | train 1.2861 (data 1.0144 frf 0.0000 pinn 0.0000 spec 5.4345) | val 2.0947
02:17:06 [INFO] inverse_trainer: Prediction plot saved: /workspace/VTCM_PYTHON/inverse_model/checkpoints/predictions/pred_vs_true_epoch_0005.png
02:17:31 [INFO] inverse_trainer: Epoch   10 | train 1.1935 (data 1.0069 frf 0.0000 pinn 0.0000 spec 3.7319) | val 2.3908
02:17:31 [INFO] inverse_trainer: Prediction plot saved: /workspace/VTCM_PYTHON/inverse_model/checkpoints/predictions/pred_vs_true_epoch_0010.png
02:17:55 [INFO] inverse_trainer: Epoch   15 | train 1.1395 (data 1.0201 frf 0.0000 pinn 0.0000 spec 2.3881) | val 2.2027
02:17:56 [INFO] inverse_trainer: Prediction plot saved: /workspace/VTCM_PYTHON/inverse_model/checkpoints/predictions/pred_vs_true_epoch_0015.png
02:25:44 [INFO] train: Device: cuda
02:25:44 [INFO] train: Loading train dataset: /workspace/VTCM_PYTHON/datasets/VTCM_inverse/train.hdf5
02:25:44 [INFO] train: Loading val dataset: /workspace/VTCM_PYTHON/datasets/VTCM_inverse/validation_full_seq.hdf5
02:25:44 [INFO] train: 
Config: epochs=5, batch=8, physics=none, train_full_seq=False, val_full_seq=True
  spatial_len=256, n_sensors=3, n_cond=17
02:25:44 [INFO] train: Sequence length | train=256, val=1000
02:25:44 [INFO] train: Train samples: 960, Val samples: 20
02:25:44 [INFO] train: Model parameters: 358,464
02:25:45 [INFO] train: 
============================================================
02:25:45 [INFO] train: Training PCNIO  |  5 epochs  |  cuda
02:25:45 [INFO] train: ============================================================
02:26:09 [INFO] inverse_trainer: Epoch    5 | train 1.0140 (data 0.9805 frf 0.0000 pinn 0.0000 spec 0.6706) | val 2.2045
02:26:10 [INFO] inverse_trainer: Prediction plot saved: /workspace/VTCM_PYTHON/inverse_model/checkpoints_no_proj/predictions/pred_vs_true_epoch_0005.png
02:26:10 [INFO] train: Loss history saved: /workspace/VTCM_PYTHON/inverse_model/checkpoints_no_proj/train_history.npz
02:26:10 [INFO] train: 
Final  train_loss=1.014020  val_loss=2.204548
02:26:10 [INFO] train: Checkpoints saved to: /workspace/VTCM_PYTHON/inverse_model/checkpoints_no_proj
02:26:10 [INFO] train: Loss curve saved: /workspace/VTCM_PYTHON/inverse_model/checkpoints_no_proj/loss_curve.png
02:26:28 [INFO] train: Device: cuda
02:26:28 [INFO] train: Loading train dataset: /workspace/VTCM_PYTHON/datasets/VTCM_inverse/train.hdf5
02:26:28 [INFO] train: Loading val dataset: /workspace/VTCM_PYTHON/datasets/VTCM_inverse/validation_full_seq.hdf5
02:26:28 [INFO] train: 
Config: epochs=100, batch=8, physics=none, train_full_seq=False, val_full_seq=True
  spatial_len=256, n_sensors=3, n_cond=17
02:26:28 [INFO] train: Sequence length | train=256, val=1000
02:26:28 [INFO] train: Train samples: 960, Val samples: 20
02:26:28 [INFO] train: Model parameters: 358,464
02:26:29 [INFO] train: 
============================================================
02:26:29 [INFO] train: Training PCNIO  |  100 epochs  |  cuda
02:26:29 [INFO] train: ============================================================
02:26:54 [INFO] inverse_trainer: Epoch    5 | train 1.0279 (data 0.9884 frf 0.0000 pinn 0.0000 spec 0.7899) | val 2.0952
02:26:55 [INFO] inverse_trainer: Prediction plot saved: /workspace/VTCM_PYTHON/inverse_model/checkpoints/predictions/pred_vs_true_epoch_0005.png
02:27:19 [INFO] inverse_trainer: Epoch   10 | train 0.9771 (data 0.9466 frf 0.0000 pinn 0.0000 spec 0.6113) | val 2.1015
02:27:19 [INFO] inverse_trainer: Prediction plot saved: /workspace/VTCM_PYTHON/inverse_model/checkpoints/predictions/pred_vs_true_epoch_0010.png
02:27:43 [INFO] inverse_trainer: Epoch   15 | train 0.9350 (data 0.9344 frf 0.0000 pinn 0.0000 spec 0.0132) | val 2.0785
02:27:44 [INFO] inverse_trainer: Prediction plot saved: /workspace/VTCM_PYTHON/inverse_model/checkpoints/predictions/pred_vs_true_epoch_0015.png
02:28:07 [INFO] inverse_trainer: Epoch   20 | train 0.9267 (data 0.9262 frf 0.0000 pinn 0.0000 spec 0.0095) | val 2.0761
02:28:08 [INFO] inverse_trainer: Prediction plot saved: /workspace/VTCM_PYTHON/inverse_model/checkpoints/predictions/pred_vs_true_epoch_0020.png
02:28:32 [INFO] inverse_trainer: Epoch   25 | train 0.9273 (data 0.9268 frf 0.0000 pinn 0.0000 spec 0.0112) | val 2.0778
02:28:32 [INFO] inverse_trainer: Prediction plot saved: /workspace/VTCM_PYTHON/inverse_model/checkpoints/predictions/pred_vs_true_epoch_0025.png
02:28:56 [INFO] inverse_trainer: Epoch   30 | train 0.9266 (data 0.9262 frf 0.0000 pinn 0.0000 spec 0.0080) | val 2.0580
02:28:57 [INFO] inverse_trainer: Prediction plot saved: /workspace/VTCM_PYTHON/inverse_model/checkpoints/predictions/pred_vs_true_epoch_0030.png
02:29:21 [INFO] inverse_trainer: Epoch   35 | train 0.9256 (data 0.9253 frf 0.0000 pinn 0.0000 spec 0.0064) | val 2.0490
02:29:21 [INFO] inverse_trainer: Prediction plot saved: /workspace/VTCM_PYTHON/inverse_model/checkpoints/predictions/pred_vs_true_epoch_0035.png
02:29:45 [INFO] inverse_trainer: Epoch   40 | train 0.9264 (data 0.9259 frf 0.0000 pinn 0.0000 spec 0.0083) | val 2.0826
02:29:45 [INFO] inverse_trainer: Prediction plot saved: /workspace/VTCM_PYTHON/inverse_model/checkpoints/predictions/pred_vs_true_epoch_0040.png
02:30:09 [INFO] inverse_trainer: Epoch   45 | train 0.9277 (data 0.9272 frf 0.0000 pinn 0.0000 spec 0.0094) | val 2.0426
02:30:10 [INFO] inverse_trainer: Prediction plot saved: /workspace/VTCM_PYTHON/inverse_model/checkpoints/predictions/pred_vs_true_epoch_0045.png
02:30:34 [INFO] inverse_trainer: Epoch   50 | train 0.9253 (data 0.9251 frf 0.0000 pinn 0.0000 spec 0.0042) | val 2.0772
02:30:34 [INFO] inverse_trainer: Prediction plot saved: /workspace/VTCM_PYTHON/inverse_model/checkpoints/predictions/pred_vs_true_epoch_0050.png
02:31:13 [INFO] train: Device: cuda
02:31:13 [INFO] train: Loading train dataset: /workspace/VTCM_PYTHON/datasets/VTCM_inverse/train.hdf5
02:31:14 [INFO] train: Loading val dataset: /workspace/VTCM_PYTHON/datasets/VTCM_inverse/validation_full_seq.hdf5
02:31:14 [INFO] train: 
Config: epochs=100, batch=8, physics=frf, train_full_seq=False, val_full_seq=True
  spatial_len=256, n_sensors=3, n_cond=17
02:31:14 [INFO] train: Sequence length | train=256, val=1000
02:31:14 [INFO] train: Train samples: 960, Val samples: 20
02:31:14 [INFO] train: Model parameters: 358,464
02:31:14 [INFO] inverse_trainer: Differentiable physics layer initialized (mode=frf).
02:31:15 [INFO] train: 
============================================================
02:31:15 [INFO] train: Training PCNIO  |  100 epochs  |  cuda
02:31:15 [INFO] train: ============================================================
02:32:40 [INFO] train: Device: cuda
02:32:40 [INFO] train: Loading train dataset: /workspace/VTCM_PYTHON/datasets/VTCM_inverse/train.hdf5
02:32:40 [INFO] train: Loading val dataset: /workspace/VTCM_PYTHON/datasets/VTCM_inverse/validation_full_seq.hdf5
02:32:40 [INFO] train: 
Config: epochs=100, batch=8, physics=frf, train_full_seq=False, val_full_seq=True
  spatial_len=256, n_sensors=3, n_cond=17
02:32:40 [INFO] train: Sequence length | train=256, val=1000
02:32:40 [INFO] train: Train samples: 960, Val samples: 20
02:32:40 [INFO] train: Model parameters: 358,464
02:32:40 [INFO] inverse_trainer: Differentiable physics layer initialized (mode=frf).
02:32:42 [INFO] train: 
============================================================
02:32:42 [INFO] train: Training PCNIO  |  100 epochs  |  cuda
02:32:42 [INFO] train: ============================================================
02:34:56 [INFO] train: Device: cuda
02:34:56 [INFO] train: Loading train dataset: /workspace/VTCM_PYTHON/datasets/VTCM_inverse/train.hdf5
02:34:56 [INFO] train: Loading val dataset: /workspace/VTCM_PYTHON/datasets/VTCM_inverse/validation_full_seq.hdf5
02:34:56 [INFO] train: 
Config: epochs=100, batch=8, physics=frf, train_full_seq=False, val_full_seq=True
  spatial_len=256, n_sensors=3, n_cond=17
02:34:56 [INFO] train: Sequence length | train=256, val=1000
02:34:56 [INFO] train: Train samples: 960, Val samples: 20
02:34:56 [INFO] train: Model parameters: 358,464
02:34:56 [INFO] inverse_trainer: Differentiable physics layer initialized (mode=frf).
02:34:58 [INFO] train: 
============================================================
02:34:58 [INFO] train: Training PCNIO  |  100 epochs  |  cuda
02:34:58 [INFO] train: ============================================================
02:36:07 [INFO] train: Device: cuda
02:36:07 [INFO] train: Loading train dataset: /workspace/VTCM_PYTHON/datasets/VTCM_inverse/train.hdf5
02:36:07 [INFO] train: Loading val dataset: /workspace/VTCM_PYTHON/datasets/VTCM_inverse/validation_full_seq.hdf5
02:36:07 [INFO] train: 
Config: epochs=1, batch=2, physics=frf, train_full_seq=False, val_full_seq=True
  spatial_len=256, n_sensors=3, n_cond=17
02:36:07 [INFO] train: Sequence length | train=256, val=1000
02:36:07 [INFO] train: Train samples: 960, Val samples: 20
02:36:07 [INFO] train: Model parameters: 358,464
02:36:07 [INFO] inverse_trainer: Differentiable physics layer initialized (mode=frf).
02:36:08 [INFO] train: 
============================================================
02:36:08 [INFO] train: Training PCNIO  |  1 epochs  |  cuda
02:36:08 [INFO] train: ============================================================
02:37:17 [INFO] train: Device: cuda
02:37:17 [INFO] train: Loading train dataset: /workspace/VTCM_PYTHON/datasets/VTCM_inverse/train.hdf5
02:37:17 [INFO] train: Loading val dataset: /workspace/VTCM_PYTHON/datasets/VTCM_inverse/validation_full_seq.hdf5
02:37:17 [INFO] train: 
Config: epochs=1, batch=2, physics=frf, train_full_seq=False, val_full_seq=True
  spatial_len=256, n_sensors=3, n_cond=17
02:37:17 [INFO] train: Sequence length | train=256, val=1000
02:37:17 [INFO] train: Train samples: 960, Val samples: 20
02:37:17 [INFO] train: Model parameters: 358,464
02:37:17 [INFO] inverse_trainer: Differentiable physics layer initialized (mode=frf).
02:37:18 [INFO] train: 
============================================================
02:37:18 [INFO] train: Training PCNIO  |  1 epochs  |  cuda
02:37:18 [INFO] train: ============================================================
02:37:40 [INFO] train: Device: cuda
02:37:40 [INFO] train: Loading train dataset: /workspace/VTCM_PYTHON/datasets/VTCM_inverse/train.hdf5
02:37:40 [INFO] train: Loading val dataset: /workspace/VTCM_PYTHON/datasets/VTCM_inverse/validation_full_seq.hdf5
02:37:40 [INFO] train: 
Config: epochs=1, batch=2, physics=frf, train_full_seq=False, val_full_seq=True
  spatial_len=256, n_sensors=3, n_cond=17
02:37:40 [INFO] train: Sequence length | train=256, val=1000
02:37:40 [INFO] train: Train samples: 960, Val samples: 20
02:37:40 [INFO] train: Model parameters: 358,464
02:37:40 [INFO] inverse_trainer: Differentiable physics layer initialized (mode=frf).
02:37:42 [INFO] train: 
============================================================
02:37:42 [INFO] train: Training PCNIO  |  1 epochs  |  cuda
02:37:42 [INFO] train: ============================================================
02:38:44 [INFO] train: Device: cuda
02:38:44 [INFO] train: Loading train dataset: /workspace/VTCM_PYTHON/datasets/VTCM_inverse/train.hdf5
02:38:44 [INFO] train: Loading val dataset: /workspace/VTCM_PYTHON/datasets/VTCM_inverse/validation_full_seq.hdf5
02:38:44 [INFO] train: 
Config: epochs=1, batch=2, physics=frf, train_full_seq=False, val_full_seq=True
  spatial_len=256, n_sensors=3, n_cond=17
02:38:44 [INFO] train: Sequence length | train=256, val=1000
02:38:44 [INFO] train: Train samples: 960, Val samples: 20
02:38:45 [INFO] train: Model parameters: 358,464
02:38:45 [INFO] inverse_trainer: Differentiable physics layer initialized (mode=frf).
02:38:46 [INFO] train: 
============================================================
02:38:46 [INFO] train: Training PCNIO  |  1 epochs  |  cuda
02:38:46 [INFO] train: ============================================================
02:39:11 [INFO] inverse_trainer: Epoch    1 | train 11.2283 (data 10.4159 frf 0.7589 pinn 0.0000 spec 14.7320) | val 2.6540
02:39:13 [INFO] inverse_trainer: Prediction plot saved: /workspace/VTCM_PYTHON/inverse_model/checkpoints/predictions/pred_vs_true_epoch_0001.png
02:39:13 [INFO] train: Loss history saved: /workspace/VTCM_PYTHON/inverse_model/checkpoints/train_history.npz
02:39:13 [INFO] train: 
Final  train_loss=11.228343  val_loss=2.653986
02:39:13 [INFO] train: Checkpoints saved to: /workspace/VTCM_PYTHON/inverse_model/checkpoints
02:39:13 [INFO] train: Loss curve saved: /workspace/VTCM_PYTHON/inverse_model/checkpoints/loss_curve.png
02:39:26 [INFO] train: Device: cuda
02:39:26 [INFO] train: Loading train dataset: /workspace/VTCM_PYTHON/datasets/VTCM_inverse/train.hdf5
02:39:26 [INFO] train: Loading val dataset: /workspace/VTCM_PYTHON/datasets/VTCM_inverse/validation_full_seq.hdf5
02:39:26 [INFO] train: 
Config: epochs=100, batch=8, physics=frf, train_full_seq=False, val_full_seq=True
  spatial_len=256, n_sensors=3, n_cond=17
02:39:26 [INFO] train: Sequence length | train=256, val=1000
02:39:26 [INFO] train: Train samples: 960, Val samples: 20
02:39:26 [INFO] train: Model parameters: 358,464
02:39:26 [INFO] inverse_trainer: Differentiable physics layer initialized (mode=frf).
02:39:28 [INFO] train: 
============================================================
02:39:28 [INFO] train: Training PCNIO  |  100 epochs  |  cuda
02:39:28 [INFO] train: ============================================================
02:39:59 [INFO] inverse_trainer: Epoch    5 | train 1.0990 (data 0.9875 frf 0.7283 pinn 0.0000 spec 0.7733) | val 2.2094
02:40:01 [INFO] inverse_trainer: Prediction plot saved: /workspace/VTCM_PYTHON/inverse_model/checkpoints/predictions/pred_vs_true_epoch_0005.png
02:40:31 [INFO] inverse_trainer: Epoch   10 | train 1.0427 (data 0.9415 frf 0.7283 pinn 0.0000 spec 0.5691) | val 2.0628
02:40:32 [INFO] inverse_trainer: Prediction plot saved: /workspace/VTCM_PYTHON/inverse_model/checkpoints/predictions/pred_vs_true_epoch_0010.png
02:40:56 [INFO] train: Device: cuda
02:40:56 [INFO] train: Loading train dataset: /workspace/VTCM_PYTHON/datasets/VTCM_inverse/train.hdf5
02:40:56 [INFO] train: Loading val dataset: /workspace/VTCM_PYTHON/datasets/VTCM_inverse/validation_full_seq.hdf5
02:40:56 [INFO] train: 
Config: epochs=100, batch=8, physics=pinn, train_full_seq=False, val_full_seq=True
  spatial_len=256, n_sensors=3, n_cond=17
02:40:56 [INFO] train: Sequence length | train=256, val=1000
02:40:56 [INFO] train: Train samples: 960, Val samples: 20
02:40:56 [INFO] train: Model parameters: 358,464
02:40:56 [INFO] inverse_trainer: Differentiable physics layer initialized (mode=pinn).
02:40:57 [INFO] train: 
============================================================
02:40:57 [INFO] train: Training PCNIO  |  100 epochs  |  cuda
02:40:57 [INFO] train: ============================================================
02:41:29 [INFO] inverse_trainer: Epoch    5 | train 1454.8707 (data 1.2156 frf 0.0000 pinn 145326.7344 spec 7.7537) | val 4898.2776
02:41:31 [INFO] inverse_trainer: Prediction plot saved: /workspace/VTCM_PYTHON/inverse_model/checkpoints/predictions/pred_vs_true_epoch_0005.png
02:42:02 [INFO] inverse_trainer: Epoch   10 | train 15.6011 (data 1.0012 frf 0.0000 pinn 1440.6202 spec 3.8751) | val 10.0201
02:42:03 [INFO] inverse_trainer: Prediction plot saved: /workspace/VTCM_PYTHON/inverse_model/checkpoints/predictions/pred_vs_true_epoch_0010.png
02:42:34 [INFO] inverse_trainer: Epoch   15 | train 1.1715 (data 1.0000 frf 0.0000 pinn 12.7041 spec 0.8896) | val 2.1521
02:42:35 [INFO] inverse_trainer: Prediction plot saved: /workspace/VTCM_PYTHON/inverse_model/checkpoints/predictions/pred_vs_true_epoch_0015.png
02:43:07 [INFO] inverse_trainer: Epoch   20 | train 1.0055 (data 1.0000 frf 0.0000 pinn 0.4555 spec 0.0185) | val 2.0366
02:43:07 [INFO] inverse_trainer: Prediction plot saved: /workspace/VTCM_PYTHON/inverse_model/checkpoints/predictions/pred_vs_true_epoch_0020.png
02:43:39 [INFO] inverse_trainer: Epoch   25 | train 1.0007 (data 1.0000 frf 0.0000 pinn 0.0535 spec 0.0038) | val 2.0485
02:43:40 [INFO] inverse_trainer: Prediction plot saved: /workspace/VTCM_PYTHON/inverse_model/checkpoints/predictions/pred_vs_true_epoch_0025.png
02:44:12 [INFO] inverse_trainer: Epoch   30 | train 1.0008 (data 1.0000 frf 0.0000 pinn 0.0536 spec 0.0051) | val 2.0554
02:44:12 [INFO] inverse_trainer: Prediction plot saved: /workspace/VTCM_PYTHON/inverse_model/checkpoints/predictions/pred_vs_true_epoch_0030.png
02:44:44 [INFO] inverse_trainer: Epoch   35 | train 1.0007 (data 1.0000 frf 0.0000 pinn 0.0537 spec 0.0039) | val 2.0506
02:44:45 [INFO] inverse_trainer: Prediction plot saved: /workspace/VTCM_PYTHON/inverse_model/checkpoints/predictions/pred_vs_true_epoch_0035.png
